<?xml version="1.0"?><coverage lines-covered="279" lines-valid="332" line-rate="0.8403614457831325" branches-covered="0" branches-valid="0" branch-rate="0" complexity="0" version="1.9" timestamp="1669575482"><sources><source>/home/carlo/Projects/trenako</source></sources><packages><package name="crates/cli/src" line-rate="0" branch-rate="0" complexity="0"><classes><class name="main" filename="crates/cli/src/main.rs" line-rate="0" branch-rate="0" complexity="0"><methods/><lines><line number="3" hits="0"/><line number="4" hits="0"/></lines></class></classes></package><package name="crates/web/src" line-rate="0" branch-rate="0" complexity="0"><classes><class name="main" filename="crates/web/src/main.rs" line-rate="0" branch-rate="0" complexity="0"><methods/><lines><line number="3" hits="0"/><line number="4" hits="0"/><line number="5" hits="0"/><line number="6" hits="0"/><line number="8" hits="0"/><line number="11" hits="0"/><line number="12" hits="0"/></lines></class></classes></package><package name="crates/catalog/src" line-rate="0.8246753246753247" branch-rate="0" complexity="0"><classes></classes></package><package name="crates/catalog/src/railways" line-rate="0.8783783783783784" branch-rate="0" complexity="0"><classes><class name="period_of_activity" filename="crates/catalog/src/railways/period_of_activity.rs" line-rate="0.7692307692307693" branch-rate="0" complexity="0"><methods/><lines><line number="12" hits="0"/><line number="20" hits="1"/><line number="28" hits="1"/><line number="31" hits="1"/><line number="36" hits="1"/><line number="40" hits="1"/><line number="41" hits="1"/><line number="44" hits="1"/><line number="45" hits="1"/><line number="56" hits="1"/><line number="57" hits="1"/><line number="60" hits="0"/><line number="61" hits="0"/></lines></class><class name="railway" filename="crates/catalog/src/railways/railway.rs" line-rate="0.8125" branch-rate="0" complexity="0"><methods/><lines><line number="39" hits="1"/><line number="56" hits="1"/><line number="57" hits="1"/><line number="58" hits="1"/><line number="64" hits="1"/><line number="72" hits="1"/><line number="77" hits="1"/><line number="78" hits="1"/><line number="83" hits="1"/><line number="84" hits="1"/><line number="88" hits="0"/><line number="89" hits="0"/><line number="93" hits="0"/><line number="94" hits="0"/><line number="98" hits="1"/><line number="99" hits="1"/><line number="102" hits="1"/><line number="103" hits="1"/><line number="106" hits="0"/><line number="107" hits="0"/><line number="110" hits="1"/><line number="111" hits="1"/><line number="114" hits="1"/><line number="115" hits="1"/><line number="118" hits="1"/><line number="119" hits="1"/><line number="122" hits="1"/><line number="123" hits="1"/><line number="127" hits="1"/><line number="128" hits="1"/><line number="133" hits="1"/><line number="134" hits="1"/></lines></class><class name="railway_gauge" filename="crates/catalog/src/railways/railway_gauge.rs" line-rate="1" branch-rate="0" complexity="0"><methods/><lines><line number="11" hits="1"/><line number="27" hits="1"/><line number="29" hits="1"/><line number="47" hits="1"/><line number="49" hits="1"/><line number="55" hits="1"/><line number="56" hits="1"/><line number="59" hits="1"/><line number="60" hits="1"/></lines></class><class name="railway_id" filename="crates/catalog/src/railways/railway_id.rs" line-rate="1" branch-rate="0" complexity="0"><methods/><lines><line number="10" hits="1"/><line number="11" hits="1"/><line number="12" hits="1"/><line number="19" hits="1"/><line number="20" hits="1"/><line number="21" hits="1"/><line number="23" hits="2"/><line number="29" hits="1"/><line number="30" hits="1"/></lines></class><class name="railway_length" filename="crates/catalog/src/railways/railway_length.rs" line-rate="1" branch-rate="0" complexity="0"><methods/><lines><line number="13" hits="1"/><line number="18" hits="1"/><line number="19" hits="1"/><line number="24" hits="1"/><line number="25" hits="1"/><line number="30" hits="1"/><line number="31" hits="1"/><line number="35" hits="1"/><line number="36" hits="1"/><line number="41" hits="1"/><line number="42" hits="1"/></lines></class></classes></package><package name="crates/catalog/src/brands" line-rate="0.8888888888888888" branch-rate="0" complexity="0"><classes><class name="brand" filename="crates/catalog/src/brands/brand.rs" line-rate="0.8666666666666667" branch-rate="0" complexity="0"><methods/><lines><line number="27" hits="1"/><line number="42" hits="1"/><line number="43" hits="1"/><line number="44" hits="1"/><line number="45" hits="1"/><line number="56" hits="1"/><line number="61" hits="1"/><line number="62" hits="1"/><line number="66" hits="1"/><line number="67" hits="1"/><line number="71" hits="1"/><line number="72" hits="1"/><line number="76" hits="1"/><line number="77" hits="1"/><line number="81" hits="1"/><line number="82" hits="1"/><line number="86" hits="1"/><line number="87" hits="1"/><line number="91" hits="1"/><line number="92" hits="1"/><line number="96" hits="1"/><line number="97" hits="1"/><line number="101" hits="1"/><line number="102" hits="1"/><line number="106" hits="0"/><line number="107" hits="0"/><line number="112" hits="1"/><line number="113" hits="1"/><line number="118" hits="0"/><line number="119" hits="0"/></lines></class><class name="brand_id" filename="crates/catalog/src/brands/brand_id.rs" line-rate="1" branch-rate="0" complexity="0"><methods/><lines><line number="12" hits="1"/><line number="13" hits="1"/><line number="18" hits="1"/><line number="19" hits="1"/><line number="26" hits="1"/><line number="27" hits="1"/></lines></class></classes></package><package name="crates/catalog/src/scales" line-rate="0.6818181818181818" branch-rate="0" complexity="0"><classes><class name="ratio" filename="crates/catalog/src/scales/ratio.rs" line-rate="1" branch-rate="0" complexity="0"><methods/><lines><line number="15" hits="1"/><line number="16" hits="2"/><line number="17" hits="1"/><line number="19" hits="1"/><line number="25" hits="1"/><line number="26" hits="1"/><line number="31" hits="1"/><line number="32" hits="1"/></lines></class><class name="scale" filename="crates/catalog/src/scales/scale.rs" line-rate="0.2777777777777778" branch-rate="0" complexity="0"><methods/><lines><line number="32" hits="1"/><line number="43" hits="1"/><line number="44" hits="1"/><line number="53" hits="0"/><line number="59" hits="0"/><line number="60" hits="0"/><line number="64" hits="0"/><line number="65" hits="0"/><line number="70" hits="0"/><line number="71" hits="0"/><line number="75" hits="0"/><line number="76" hits="0"/><line number="80" hits="0"/><line number="81" hits="0"/><line number="85" hits="0"/><line number="86" hits="0"/><line number="91" hits="1"/><line number="92" hits="1"/></lines></class><class name="scale_gauge" filename="crates/catalog/src/scales/scale_gauge.rs" line-rate="0.9230769230769231" branch-rate="0" complexity="0"><methods/><lines><line number="13" hits="0"/><line number="21" hits="1"/><line number="22" hits="1"/><line number="30" hits="1"/><line number="31" hits="1"/><line number="39" hits="1"/><line number="40" hits="1"/><line number="43" hits="1"/><line number="44" hits="1"/><line number="47" hits="1"/><line number="48" hits="1"/><line number="53" hits="1"/><line number="54" hits="1"/></lines></class><class name="scale_id" filename="crates/catalog/src/scales/scale_id.rs" line-rate="1" branch-rate="0" complexity="0"><methods/><lines><line number="9" hits="1"/><line number="10" hits="1"/><line number="11" hits="1"/><line number="16" hits="1"/><line number="17" hits="1"/></lines></class></classes></package><package name="crates/common/src" line-rate="0.8994082840236687" branch-rate="0" complexity="0"><classes><class name="address" filename="crates/common/src/address.rs" line-rate="1" branch-rate="0" complexity="0"><methods/><lines><line number="16" hits="1"/><line number="17" hits="1"/><line number="21" hits="1"/><line number="22" hits="1"/><line number="26" hits="1"/><line number="27" hits="1"/><line number="31" hits="1"/><line number="32" hits="1"/><line number="36" hits="1"/><line number="37" hits="1"/><line number="41" hits="1"/><line number="42" hits="1"/><line number="45" hits="2"/><line number="46" hits="2"/><line number="61" hits="2"/><line number="62" hits="4"/><line number="63" hits="2"/><line number="66" hits="1"/><line number="67" hits="2"/><line number="68" hits="1"/><line number="71" hits="2"/><line number="72" hits="4"/><line number="73" hits="2"/><line number="76" hits="2"/><line number="77" hits="4"/><line number="78" hits="2"/><line number="81" hits="2"/><line number="82" hits="4"/><line number="83" hits="2"/><line number="86" hits="2"/><line number="87" hits="2"/><line number="88" hits="2"/><line number="91" hits="2"/><line number="92" hits="4"/><line number="93" hits="2"/><line number="94" hits="4"/><line number="95" hits="2"/><line number="96" hits="4"/><line number="97" hits="4"/><line number="99" hits="2"/><line number="100" hits="2"/><line number="101" hits="2"/><line number="102" hits="2"/><line number="103" hits="2"/><line number="104" hits="2"/></lines></class><class name="contact" filename="crates/common/src/contact.rs" line-rate="0.9259259259259259" branch-rate="0" complexity="0"><methods/><lines><line number="11" hits="1"/><line number="12" hits="1"/><line number="17" hits="1"/><line number="18" hits="1"/><line number="25" hits="2"/><line number="26" hits="2"/><line number="35" hits="0"/><line number="36" hits="0"/><line number="41" hits="1"/><line number="42" hits="1"/><line number="49" hits="1"/><line number="50" hits="1"/><line number="60" hits="2"/><line number="61" hits="2"/><line number="62" hits="2"/><line number="67" hits="1"/><line number="68" hits="1"/><line number="75" hits="1"/><line number="76" hits="1"/><line number="77" hits="1"/><line number="89" hits="2"/><line number="98" hits="1"/><line number="99" hits="1"/><line number="103" hits="1"/><line number="104" hits="1"/><line number="108" hits="1"/><line number="109" hits="1"/></lines></class><class name="measure_units" filename="crates/common/src/measure_units.rs" line-rate="0.7666666666666667" branch-rate="0" complexity="0"><methods/><lines><line number="15" hits="2"/><line number="16" hits="4"/><line number="17" hits="0"/><line number="23" hits="1"/><line number="27" hits="1"/><line number="32" hits="2"/><line number="33" hits="2"/><line number="38" hits="0"/><line number="39" hits="0"/><line number="52" hits="1"/><line number="53" hits="1"/><line number="54" hits="1"/><line number="55" hits="1"/><line number="56" hits="1"/><line number="57" hits="1"/><line number="61" hits="2"/><line number="62" hits="3"/><line number="64" hits="2"/><line number="65" hits="2"/><line number="69" hits="1"/><line number="70" hits="1"/><line number="74" hits="1"/><line number="75" hits="1"/><line number="79" hits="1"/><line number="80" hits="1"/><line number="83" hits="1"/><line number="85" hits="0"/><line number="88" hits="0"/><line number="90" hits="0"/><line number="91" hits="0"/></lines></class><class name="metadata" filename="crates/common/src/metadata.rs" line-rate="0.7142857142857143" branch-rate="0" complexity="0"><methods/><lines><line number="12" hits="0"/><line number="21" hits="2"/><line number="30" hits="1"/><line number="32" hits="1"/><line number="33" hits="1"/><line number="34" hits="1"/><line number="39" hits="1"/><line number="40" hits="1"/><line number="44" hits="1"/><line number="49" hits="1"/><line number="50" hits="1"/><line number="55" hits="0"/><line number="56" hits="0"/><line number="57" hits="0"/></lines></class><class name="slug" filename="crates/common/src/slug.rs" line-rate="0.9166666666666666" branch-rate="0" complexity="0"><methods/><lines><line number="12" hits="2"/><line number="13" hits="2"/><line number="14" hits="1"/><line number="16" hits="4"/><line number="23" hits="1"/><line number="24" hits="2"/><line number="25" hits="0"/><line number="27" hits="2"/><line number="33" hits="2"/><line number="34" hits="2"/><line number="41" hits="1"/><line number="42" hits="1"/></lines></class><class name="socials" filename="crates/common/src/socials.rs" line-rate="0.926829268292683" branch-rate="0" complexity="0"><methods/><lines><line number="15" hits="1"/><line number="16" hits="1"/><line number="20" hits="1"/><line number="21" hits="1"/><line number="25" hits="1"/><line number="26" hits="1"/><line number="30" hits="1"/><line number="31" hits="1"/><line number="35" hits="1"/><line number="36" hits="1"/><line number="40" hits="2"/><line number="41" hits="2"/><line number="55" hits="2"/><line number="56" hits="4"/><line number="57" hits="2"/><line number="60" hits="2"/><line number="61" hits="4"/><line number="62" hits="2"/><line number="65" hits="2"/><line number="66" hits="4"/><line number="67" hits="2"/><line number="70" hits="2"/><line number="71" hits="4"/><line number="72" hits="2"/><line number="75" hits="2"/><line number="76" hits="4"/><line number="77" hits="2"/><line number="80" hits="2"/><line number="82" hits="2"/><line number="83" hits="2"/><line number="84" hits="2"/><line number="85" hits="2"/><line number="86" hits="2"/><line number="99" hits="0"/><line number="100" hits="0"/><line number="107" hits="2"/><line number="108" hits="4"/><line number="109" hits="0"/><line number="111" hits="4"/><line number="117" hits="1"/><line number="118" hits="1"/></lines></class></classes></package></packages></coverage>